<testResult _class='hudson.tasks.junit.TestResult'><duration>10278.59</duration><empty>false</empty><failCount>28</failCount><passCount>62</passCount><skipCount>0</skipCount><suite><case><age>1</age><className>Client encryption keys</className><duration>0.0</duration><errorDetails>Expected condition failed: waiting for visibility of element located by By.xpath: //*[@id='successDeleteProject']//h2[contains(text(),'Project Deleted!')] (tried for 120 second(s) with 500 MILLISECONDS interval)</errorDetails><errorStackTrace>Expected condition failed: waiting for visibility of element located by By.xpath: //*[@id='successDeleteProject']//h2[contains(text(),'Project Deleted!')] (tried for 120 second(s) with 500 MILLISECONDS interval)</errorStackTrace><failedSince>272</failedSince><name>Project Dashboard - Key Management</name><skipped>false</skipped><status>REGRESSION</status><stderr>Expected condition failed: waiting for visibility of element located by By.xpath: //*[@id='successDeleteProject']//h2[contains(text(),'Project Deleted!')] (tried for 120 second(s) with 500 MILLISECONDS interval)
com.dettonville.api.quality.ubiquitous.page.WebPage.waitForElVisibility(WebPage.java:394)
com.dettonville.api.quality.ubiquitous.page.WebPage.popUpIsDisplayed(WebPage.java:429)
com.dettonville.api.quality.steps.BasicSteps.popupIsDisplayed(BasicSteps.java:119)
com.dettonville.api.quality.steps.composite.ProjectComposites.deleteProjectFromProjectDetailsPage(ProjectComposites.java:479)
</stderr></case><case><age>1</age><className>Client encryption keys</className><duration>0.0</duration><errorDetails>Expected condition failed: waiting for visibility of element located by By.xpath: //*[@id='successDeleteProject']//h2[contains(text(),'Project Deleted!')] (tried for 120 second(s) with 500 MILLISECONDS interval)</errorDetails><errorStackTrace>Expected condition failed: waiting for visibility of element located by By.xpath: //*[@id='successDeleteProject']//h2[contains(text(),'Project Deleted!')] (tried for 120 second(s) with 500 MILLISECONDS interval)</errorStackTrace><failedSince>272</failedSince><name>Project Dashboard - Key Management</name><skipped>false</skipped><status>REGRESSION</status><stderr>Expected condition failed: waiting for visibility of element located by By.xpath: //*[@id='successDeleteProject']//h2[contains(text(),'Project Deleted!')] (tried for 120 second(s) with 500 MILLISECONDS interval)
com.dettonville.api.quality.ubiquitous.page.WebPage.waitForElVisibility(WebPage.java:394)
com.dettonville.api.quality.ubiquitous.page.WebPage.popUpIsDisplayed(WebPage.java:429)
com.dettonville.api.quality.steps.BasicSteps.popupIsDisplayed(BasicSteps.java:119)
com.dettonville.api.quality.steps.composite.ProjectComposites.deleteProjectFromProjectDetailsPage(ProjectComposites.java:479)
</stderr></case><case><age>0</age><className>Client encryption keys</className><duration>0.0</duration><failedSince>0</failedSince><name>Project Dashboard - Key Management - Pending Production Request View </name><skipped>false</skipped><status>FIXED</status></case><case><age>1</age><className>Client encryption keys</className><duration>0.0</duration><errorDetails>Expected condition failed: waiting for invisibility of [[ScreenshootingBrowserStackDriver: chrome on XP (6946efad348cbfc6bb3dfb6ec992ec06b5cc09f9)] -&gt; id: modalOverlayClose] (tried for 90 second(s) with 500 MILLISECONDS interval)
Build info: version: '3.6.0', revision: '6fbf3ec767', time: '2017-09-27T15:28:36.4Z'
System info: host: 'ech-10-157-132-251', ip: '10.157.132.251', os.name: 'Linux', os.arch: 'amd64', os.version: '2.6.32-696.13.2.el6.x86_64', java.version: '1.8.0_102'
Driver info: com.dettonville.quality.engineering.mtaf.df.drivers.ScreenshootingBrowserStackDriver
Capabilities [{mobileEmulationEnabled=false, hasTouchScreen=false, platform=XP, acceptSslCerts=false, acceptInsecureCerts=false, webStorageEnabled=true, browserName=chrome, takesScreenshot=true, javascriptEnabled=true, platformName=XP, setWindowRect=true, unexpectedAlertBehaviour=, applicationCacheEnabled=false, rotatable=false, networkConnectionEnabled=false, chrome={chromedriverVersion=2.40.565498 (ea082db3280dd6843ebfb08a625e3eb905c4f5ab), userDataDir=C:\Windows\proxy\scoped_dir7352_6639}, takesHeapSnapshot=true, unhandledPromptBehavior=, pageLoadStrategy=normal, databaseEnabled=false, handlesAlerts=true, version=68.0.3440.75, browserConnectionEnabled=false, nativeEvents=true, webdriver.remote.sessionid=6946efad348cbfc6bb3dfb6ec992ec06b5cc09f9, locationContextEnabled=true, cssSelectorsEnabled=true}]
Session ID: 6946efad348cbfc6bb3dfb6ec992ec06b5cc09f9</errorDetails><errorStackTrace>Expected condition failed: waiting for invisibility of [[ScreenshootingBrowserStackDriver: chrome on XP (6946efad348cbfc6bb3dfb6ec992ec06b5cc09f9)] -&gt; id: modalOverlayClose] (tried for 90 second(s) with 500 MILLISECONDS interval)
Build info: version: '3.6.0', revision: '6fbf3ec767', time: '2017-09-27T15:28:36.4Z'
System info: host: 'ech-10-157-132-251', ip: '10.157.132.251', os.name: 'Linux', os.arch: 'amd64', os.version: '2.6.32-696.13.2.el6.x86_64', java.version: '1.8.0_102'
Driver info: com.dettonville.quality.engineering.mtaf.df.drivers.ScreenshootingBrowserStackDriver
Capabilities [{mobileEmulationEnabled=false, hasTouchScreen=false, platform=XP, acceptSslCerts=false, acceptInsecureCerts=false, webStorageEnabled=true, browserName=chrome, takesScreenshot=true, javascriptEnabled=true, platformName=XP, setWindowRect=true, unexpectedAlertBehaviour=, applicationCacheEnabled=false, rotatable=false, networkConnectionEnabled=false, chrome={chromedriverVersion=2.40.565498 (ea082db3280dd6843ebfb08a625e3eb905c4f5ab), userDataDir=C:\Windows\proxy\scoped_dir7352_6639}, takesHeapSnapshot=true, unhandledPromptBehavior=, pageLoadStrategy=normal, databaseEnabled=false, handlesAlerts=true, version=68.0.3440.75, browserConnectionEnabled=false, nativeEvents=true, webdriver.remote.sessionid=6946efad348cbfc6bb3dfb6ec992ec06b5cc09f9, locationContextEnabled=true, cssSelectorsEnabled=true}]
Session ID: 6946efad348cbfc6bb3dfb6ec992ec06b5cc09f9</errorStackTrace><failedSince>272</failedSince><name>MDES Key Renewal - MC Encryption Key - Pending Production Request View </name><skipped>false</skipped><status>REGRESSION</status><stderr>Expected condition failed: waiting for invisibility of [[ScreenshootingBrowserStackDriver: chrome on XP (6946efad348cbfc6bb3dfb6ec992ec06b5cc09f9)] -&gt; id: modalOverlayClose] (tried for 90 second(s) with 500 MILLISECONDS interval)
Build info: version: '3.6.0', revision: '6fbf3ec767', time: '2017-09-27T15:28:36.4Z'
System info: host: 'ech-10-157-132-251', ip: '10.157.132.251', os.name: 'Linux', os.arch: 'amd64', os.version: '2.6.32-696.13.2.el6.x86_64', java.version: '1.8.0_102'
Driver info: com.dettonville.quality.engineering.mtaf.df.drivers.ScreenshootingBrowserStackDriver
Capabilities [{mobileEmulationEnabled=false, hasTouchScreen=false, platform=XP, acceptSslCerts=false, acceptInsecureCerts=false, webStorageEnabled=true, browserName=chrome, takesScreenshot=true, javascriptEnabled=true, platformName=XP, setWindowRect=true, unexpectedAlertBehaviour=, applicationCacheEnabled=false, rotatable=false, networkConnectionEnabled=false, chrome={chromedriverVersion=2.40.565498 (ea082db3280dd6843ebfb08a625e3eb905c4f5ab), userDataDir=C:\Windows\proxy\scoped_dir7352_6639}, takesHeapSnapshot=true, unhandledPromptBehavior=, pageLoadStrategy=normal, databaseEnabled=false, handlesAlerts=true, version=68.0.3440.75, browserConnectionEnabled=false, nativeEvents=true, webdriver.remote.sessionid=6946efad348cbfc6bb3dfb6ec992ec06b5cc09f9, locationContextEnabled=true, cssSelectorsEnabled=true}]
Session ID: 6946efad348cbfc6bb3dfb6ec992ec06b5cc09f9
com.dettonville.api.quality.ubiquitous.page.WebPage.waitForInvisibilityOfElement(WebPage.java:446)
com.dettonville.api.quality.steps.BasicSteps.thenThePopupIsClosed(BasicSteps.java:125)
com.dettonville.api.quality.steps.composite.ProjectComposites.addMcEncryptKey(ProjectComposites.java:352)
</stderr></case><case><age>1</age><className>Client encryption keys</className><duration>0.0</duration><errorDetails>Expected condition failed: waiting for invisibility of [[ScreenshootingBrowserStackDriver: chrome on XP (6946efad348cbfc6bb3dfb6ec992ec06b5cc09f9)] -&gt; id: modalOverlayClose] (tried for 90 second(s) with 500 MILLISECONDS interval)
Build info: version: '3.6.0', revision: '6fbf3ec767', time: '2017-09-27T15:28:36.4Z'
System info: host: 'ech-10-157-132-251', ip: '10.157.132.251', os.name: 'Linux', os.arch: 'amd64', os.version: '2.6.32-696.13.2.el6.x86_64', java.version: '1.8.0_102'
Driver info: com.dettonville.quality.engineering.mtaf.df.drivers.ScreenshootingBrowserStackDriver
Capabilities [{mobileEmulationEnabled=false, hasTouchScreen=false, platform=XP, acceptSslCerts=false, acceptInsecureCerts=false, webStorageEnabled=true, browserName=chrome, takesScreenshot=true, javascriptEnabled=true, platformName=XP, setWindowRect=true, unexpectedAlertBehaviour=, applicationCacheEnabled=false, rotatable=false, networkConnectionEnabled=false, chrome={chromedriverVersion=2.40.565498 (ea082db3280dd6843ebfb08a625e3eb905c4f5ab), userDataDir=C:\Windows\proxy\scoped_dir7352_6639}, takesHeapSnapshot=true, unhandledPromptBehavior=, pageLoadStrategy=normal, databaseEnabled=false, handlesAlerts=true, version=68.0.3440.75, browserConnectionEnabled=false, nativeEvents=true, webdriver.remote.sessionid=6946efad348cbfc6bb3dfb6ec992ec06b5cc09f9, locationContextEnabled=true, cssSelectorsEnabled=true}]
Session ID: 6946efad348cbfc6bb3dfb6ec992ec06b5cc09f9</errorDetails><errorStackTrace>Expected condition failed: waiting for invisibility of [[ScreenshootingBrowserStackDriver: chrome on XP (6946efad348cbfc6bb3dfb6ec992ec06b5cc09f9)] -&gt; id: modalOverlayClose] (tried for 90 second(s) with 500 MILLISECONDS interval)
Build info: version: '3.6.0', revision: '6fbf3ec767', time: '2017-09-27T15:28:36.4Z'
System info: host: 'ech-10-157-132-251', ip: '10.157.132.251', os.name: 'Linux', os.arch: 'amd64', os.version: '2.6.32-696.13.2.el6.x86_64', java.version: '1.8.0_102'
Driver info: com.dettonville.quality.engineering.mtaf.df.drivers.ScreenshootingBrowserStackDriver
Capabilities [{mobileEmulationEnabled=false, hasTouchScreen=false, platform=XP, acceptSslCerts=false, acceptInsecureCerts=false, webStorageEnabled=true, browserName=chrome, takesScreenshot=true, javascriptEnabled=true, platformName=XP, setWindowRect=true, unexpectedAlertBehaviour=, applicationCacheEnabled=false, rotatable=false, networkConnectionEnabled=false, chrome={chromedriverVersion=2.40.565498 (ea082db3280dd6843ebfb08a625e3eb905c4f5ab), userDataDir=C:\Windows\proxy\scoped_dir7352_6639}, takesHeapSnapshot=true, unhandledPromptBehavior=, pageLoadStrategy=normal, databaseEnabled=false, handlesAlerts=true, version=68.0.3440.75, browserConnectionEnabled=false, nativeEvents=true, webdriver.remote.sessionid=6946efad348cbfc6bb3dfb6ec992ec06b5cc09f9, locationContextEnabled=true, cssSelectorsEnabled=true}]
Session ID: 6946efad348cbfc6bb3dfb6ec992ec06b5cc09f9</errorStackTrace><failedSince>272</failedSince><name>MDES Key Renewal - MC Encryption Key - Pending Production Request View </name><skipped>false</skipped><status>REGRESSION</status><stderr>Expected condition failed: waiting for invisibility of [[ScreenshootingBrowserStackDriver: chrome on XP (6946efad348cbfc6bb3dfb6ec992ec06b5cc09f9)] -&gt; id: modalOverlayClose] (tried for 90 second(s) with 500 MILLISECONDS interval)
Build info: version: '3.6.0', revision: '6fbf3ec767', time: '2017-09-27T15:28:36.4Z'
System info: host: 'ech-10-157-132-251', ip: '10.157.132.251', os.name: 'Linux', os.arch: 'amd64', os.version: '2.6.32-696.13.2.el6.x86_64', java.version: '1.8.0_102'
Driver info: com.dettonville.quality.engineering.mtaf.df.drivers.ScreenshootingBrowserStackDriver
Capabilities [{mobileEmulationEnabled=false, hasTouchScreen=false, platform=XP, acceptSslCerts=false, acceptInsecureCerts=false, webStorageEnabled=true, browserName=chrome, takesScreenshot=true, javascriptEnabled=true, platformName=XP, setWindowRect=true, unexpectedAlertBehaviour=, applicationCacheEnabled=false, rotatable=false, networkConnectionEnabled=false, chrome={chromedriverVersion=2.40.565498 (ea082db3280dd6843ebfb08a625e3eb905c4f5ab), userDataDir=C:\Windows\proxy\scoped_dir7352_6639}, takesHeapSnapshot=true, unhandledPromptBehavior=, pageLoadStrategy=normal, databaseEnabled=false, handlesAlerts=true, version=68.0.3440.75, browserConnectionEnabled=false, nativeEvents=true, webdriver.remote.sessionid=6946efad348cbfc6bb3dfb6ec992ec06b5cc09f9, locationContextEnabled=true, cssSelectorsEnabled=true}]
Session ID: 6946efad348cbfc6bb3dfb6ec992ec06b5cc09f9
com.dettonville.api.quality.ubiquitous.page.WebPage.waitForInvisibilityOfElement(WebPage.java:446)
com.dettonville.api.quality.steps.BasicSteps.thenThePopupIsClosed(BasicSteps.java:125)
com.dettonville.api.quality.steps.composite.ProjectComposites.addMcEncryptKey(ProjectComposites.java:352)
</stderr></case><case><age>1</age><className>Client encryption keys</className><duration>0.0</duration><errorDetails>Expected condition failed: waiting for visibility of element located by By.xpath: //*[@id='successDeleteProject']//h2[contains(text(),'Project Deleted!')] (tried for 120 second(s) with 500 MILLISECONDS interval)</errorDetails><errorStackTrace>Expected condition failed: waiting for visibility of element located by By.xpath: //*[@id='successDeleteProject']//h2[contains(text(),'Project Deleted!')] (tried for 120 second(s) with 500 MILLISECONDS interval)</errorStackTrace><failedSince>272</failedSince><name>MDES Key Renewal - MC Encryption Key - Pending Production Request View </name><skipped>false</skipped><status>REGRESSION</status><stderr>Expected condition failed: waiting for visibility of element located by By.xpath: //*[@id='successDeleteProject']//h2[contains(text(),'Project Deleted!')] (tried for 120 second(s) with 500 MILLISECONDS interval)
com.dettonville.api.quality.ubiquitous.page.WebPage.waitForElVisibility(WebPage.java:394)
com.dettonville.api.quality.ubiquitous.page.WebPage.popUpIsDisplayed(WebPage.java:429)
com.dettonville.api.quality.steps.BasicSteps.popupIsDisplayed(BasicSteps.java:119)
com.dettonville.api.quality.steps.composite.ProjectComposites.deleteProjectFromProjectDetailsPage(ProjectComposites.java:479)
</stderr></case><case><age>1</age><className>Client encryption keys</className><duration>0.0</duration><errorDetails>Expected condition failed: waiting for invisibility of [[ScreenshootingBrowserStackDriver: chrome on XP (6946efad348cbfc6bb3dfb6ec992ec06b5cc09f9)] -&gt; id: modalOverlayClose] (tried for 90 second(s) with 500 MILLISECONDS interval)
Build info: version: '3.6.0', revision: '6fbf3ec767', time: '2017-09-27T15:28:36.4Z'
System info: host: 'ech-10-157-132-251', ip: '10.157.132.251', os.name: 'Linux', os.arch: 'amd64', os.version: '2.6.32-696.13.2.el6.x86_64', java.version: '1.8.0_102'
Driver info: com.dettonville.quality.engineering.mtaf.df.drivers.ScreenshootingBrowserStackDriver
Capabilities [{mobileEmulationEnabled=false, hasTouchScreen=false, platform=XP, acceptSslCerts=false, acceptInsecureCerts=false, webStorageEnabled=true, browserName=chrome, takesScreenshot=true, javascriptEnabled=true, platformName=XP, setWindowRect=true, unexpectedAlertBehaviour=, applicationCacheEnabled=false, rotatable=false, networkConnectionEnabled=false, chrome={chromedriverVersion=2.40.565498 (ea082db3280dd6843ebfb08a625e3eb905c4f5ab), userDataDir=C:\Windows\proxy\scoped_dir7352_6639}, takesHeapSnapshot=true, unhandledPromptBehavior=, pageLoadStrategy=normal, databaseEnabled=false, handlesAlerts=true, version=68.0.3440.75, browserConnectionEnabled=false, nativeEvents=true, webdriver.remote.sessionid=6946efad348cbfc6bb3dfb6ec992ec06b5cc09f9, locationContextEnabled=true, cssSelectorsEnabled=true}]
Session ID: 6946efad348cbfc6bb3dfb6ec992ec06b5cc09f9</errorDetails><errorStackTrace>Expected condition failed: waiting for invisibility of [[ScreenshootingBrowserStackDriver: chrome on XP (6946efad348cbfc6bb3dfb6ec992ec06b5cc09f9)] -&gt; id: modalOverlayClose] (tried for 90 second(s) with 500 MILLISECONDS interval)
Build info: version: '3.6.0', revision: '6fbf3ec767', time: '2017-09-27T15:28:36.4Z'
System info: host: 'ech-10-157-132-251', ip: '10.157.132.251', os.name: 'Linux', os.arch: 'amd64', os.version: '2.6.32-696.13.2.el6.x86_64', java.version: '1.8.0_102'
Driver info: com.dettonville.quality.engineering.mtaf.df.drivers.ScreenshootingBrowserStackDriver
Capabilities [{mobileEmulationEnabled=false, hasTouchScreen=false, platform=XP, acceptSslCerts=false, acceptInsecureCerts=false, webStorageEnabled=true, browserName=chrome, takesScreenshot=true, javascriptEnabled=true, platformName=XP, setWindowRect=true, unexpectedAlertBehaviour=, applicationCacheEnabled=false, rotatable=false, networkConnectionEnabled=false, chrome={chromedriverVersion=2.40.565498 (ea082db3280dd6843ebfb08a625e3eb905c4f5ab), userDataDir=C:\Windows\proxy\scoped_dir7352_6639}, takesHeapSnapshot=true, unhandledPromptBehavior=, pageLoadStrategy=normal, databaseEnabled=false, handlesAlerts=true, version=68.0.3440.75, browserConnectionEnabled=false, nativeEvents=true, webdriver.remote.sessionid=6946efad348cbfc6bb3dfb6ec992ec06b5cc09f9, locationContextEnabled=true, cssSelectorsEnabled=true}]
Session ID: 6946efad348cbfc6bb3dfb6ec992ec06b5cc09f9</errorStackTrace><failedSince>272</failedSince><name>MDES Key Renewal - MC Encryption Key - Pending Production Request View </name><skipped>false</skipped><status>REGRESSION</status><stderr>Expected condition failed: waiting for invisibility of [[ScreenshootingBrowserStackDriver: chrome on XP (6946efad348cbfc6bb3dfb6ec992ec06b5cc09f9)] -&gt; id: modalOverlayClose] (tried for 90 second(s) with 500 MILLISECONDS interval)
Build info: version: '3.6.0', revision: '6fbf3ec767', time: '2017-09-27T15:28:36.4Z'
System info: host: 'ech-10-157-132-251', ip: '10.157.132.251', os.name: 'Linux', os.arch: 'amd64', os.version: '2.6.32-696.13.2.el6.x86_64', java.version: '1.8.0_102'
Driver info: com.dettonville.quality.engineering.mtaf.df.drivers.ScreenshootingBrowserStackDriver
Capabilities [{mobileEmulationEnabled=false, hasTouchScreen=false, platform=XP, acceptSslCerts=false, acceptInsecureCerts=false, webStorageEnabled=true, browserName=chrome, takesScreenshot=true, javascriptEnabled=true, platformName=XP, setWindowRect=true, unexpectedAlertBehaviour=, applicationCacheEnabled=false, rotatable=false, networkConnectionEnabled=false, chrome={chromedriverVersion=2.40.565498 (ea082db3280dd6843ebfb08a625e3eb905c4f5ab), userDataDir=C:\Windows\proxy\scoped_dir7352_6639}, takesHeapSnapshot=true, unhandledPromptBehavior=, pageLoadStrategy=normal, databaseEnabled=false, handlesAlerts=true, version=68.0.3440.75, browserConnectionEnabled=false, nativeEvents=true, webdriver.remote.sessionid=6946efad348cbfc6bb3dfb6ec992ec06b5cc09f9, locationContextEnabled=true, cssSelectorsEnabled=true}]
Session ID: 6946efad348cbfc6bb3dfb6ec992ec06b5cc09f9
com.dettonville.api.quality.ubiquitous.page.WebPage.waitForInvisibilityOfElement(WebPage.java:446)
com.dettonville.api.quality.steps.BasicSteps.thenThePopupIsClosed(BasicSteps.java:125)
com.dettonville.api.quality.steps.composite.ProjectComposites.addMcEncryptKey(ProjectComposites.java:352)
</stderr></case><case><age>1</age><className>Client encryption keys</className><duration>0.0</duration><errorDetails>Expected condition failed: waiting for invisibility of [[ScreenshootingBrowserStackDriver: chrome on XP (6946efad348cbfc6bb3dfb6ec992ec06b5cc09f9)] -&gt; id: modalOverlayClose] (tried for 90 second(s) with 500 MILLISECONDS interval)
Build info: version: '3.6.0', revision: '6fbf3ec767', time: '2017-09-27T15:28:36.4Z'
System info: host: 'ech-10-157-132-251', ip: '10.157.132.251', os.name: 'Linux', os.arch: 'amd64', os.version: '2.6.32-696.13.2.el6.x86_64', java.version: '1.8.0_102'
Driver info: com.dettonville.quality.engineering.mtaf.df.drivers.ScreenshootingBrowserStackDriver
Capabilities [{mobileEmulationEnabled=false, hasTouchScreen=false, platform=XP, acceptSslCerts=false, acceptInsecureCerts=false, webStorageEnabled=true, browserName=chrome, takesScreenshot=true, javascriptEnabled=true, platformName=XP, setWindowRect=true, unexpectedAlertBehaviour=, applicationCacheEnabled=false, rotatable=false, networkConnectionEnabled=false, chrome={chromedriverVersion=2.40.565498 (ea082db3280dd6843ebfb08a625e3eb905c4f5ab), userDataDir=C:\Windows\proxy\scoped_dir7352_6639}, takesHeapSnapshot=true, unhandledPromptBehavior=, pageLoadStrategy=normal, databaseEnabled=false, handlesAlerts=true, version=68.0.3440.75, browserConnectionEnabled=false, nativeEvents=true, webdriver.remote.sessionid=6946efad348cbfc6bb3dfb6ec992ec06b5cc09f9, locationContextEnabled=true, cssSelectorsEnabled=true}]
Session ID: 6946efad348cbfc6bb3dfb6ec992ec06b5cc09f9</errorDetails><errorStackTrace>Expected condition failed: waiting for invisibility of [[ScreenshootingBrowserStackDriver: chrome on XP (6946efad348cbfc6bb3dfb6ec992ec06b5cc09f9)] -&gt; id: modalOverlayClose] (tried for 90 second(s) with 500 MILLISECONDS interval)
Build info: version: '3.6.0', revision: '6fbf3ec767', time: '2017-09-27T15:28:36.4Z'
System info: host: 'ech-10-157-132-251', ip: '10.157.132.251', os.name: 'Linux', os.arch: 'amd64', os.version: '2.6.32-696.13.2.el6.x86_64', java.version: '1.8.0_102'
Driver info: com.dettonville.quality.engineering.mtaf.df.drivers.ScreenshootingBrowserStackDriver
Capabilities [{mobileEmulationEnabled=false, hasTouchScreen=false, platform=XP, acceptSslCerts=false, acceptInsecureCerts=false, webStorageEnabled=true, browserName=chrome, takesScreenshot=true, javascriptEnabled=true, platformName=XP, setWindowRect=true, unexpectedAlertBehaviour=, applicationCacheEnabled=false, rotatable=false, networkConnectionEnabled=false, chrome={chromedriverVersion=2.40.565498 (ea082db3280dd6843ebfb08a625e3eb905c4f5ab), userDataDir=C:\Windows\proxy\scoped_dir7352_6639}, takesHeapSnapshot=true, unhandledPromptBehavior=, pageLoadStrategy=normal, databaseEnabled=false, handlesAlerts=true, version=68.0.3440.75, browserConnectionEnabled=false, nativeEvents=true, webdriver.remote.sessionid=6946efad348cbfc6bb3dfb6ec992ec06b5cc09f9, locationContextEnabled=true, cssSelectorsEnabled=true}]
Session ID: 6946efad348cbfc6bb3dfb6ec992ec06b5cc09f9</errorStackTrace><failedSince>272</failedSince><name>MDES Key Renewal - MC Encryption Key - Pending Production Request View </name><skipped>false</skipped><status>REGRESSION</status><stderr>Expected condition failed: waiting for invisibility of [[ScreenshootingBrowserStackDriver: chrome on XP (6946efad348cbfc6bb3dfb6ec992ec06b5cc09f9)] -&gt; id: modalOverlayClose] (tried for 90 second(s) with 500 MILLISECONDS interval)
Build info: version: '3.6.0', revision: '6fbf3ec767', time: '2017-09-27T15:28:36.4Z'
System info: host: 'ech-10-157-132-251', ip: '10.157.132.251', os.name: 'Linux', os.arch: 'amd64', os.version: '2.6.32-696.13.2.el6.x86_64', java.version: '1.8.0_102'
Driver info: com.dettonville.quality.engineering.mtaf.df.drivers.ScreenshootingBrowserStackDriver
Capabilities [{mobileEmulationEnabled=false, hasTouchScreen=false, platform=XP, acceptSslCerts=false, acceptInsecureCerts=false, webStorageEnabled=true, browserName=chrome, takesScreenshot=true, javascriptEnabled=true, platformName=XP, setWindowRect=true, unexpectedAlertBehaviour=, applicationCacheEnabled=false, rotatable=false, networkConnectionEnabled=false, chrome={chromedriverVersion=2.40.565498 (ea082db3280dd6843ebfb08a625e3eb905c4f5ab), userDataDir=C:\Windows\proxy\scoped_dir7352_6639}, takesHeapSnapshot=true, unhandledPromptBehavior=, pageLoadStrategy=normal, databaseEnabled=false, handlesAlerts=true, version=68.0.3440.75, browserConnectionEnabled=false, nativeEvents=true, webdriver.remote.sessionid=6946efad348cbfc6bb3dfb6ec992ec06b5cc09f9, locationContextEnabled=true, cssSelectorsEnabled=true}]
Session ID: 6946efad348cbfc6bb3dfb6ec992ec06b5cc09f9
com.dettonville.api.quality.ubiquitous.page.WebPage.waitForInvisibilityOfElement(WebPage.java:446)
com.dettonville.api.quality.steps.BasicSteps.thenThePopupIsClosed(BasicSteps.java:125)
com.dettonville.api.quality.steps.composite.ProjectComposites.addMcEncryptKey(ProjectComposites.java:352)
</stderr></case><case><age>0</age><className>Client encryption keys</className><duration>0.0</duration><failedSince>0</failedSince><name>MDES Key Renewal - MC Encryption Key - Production View </name><skipped>false</skipped><status>PASSED</status></case><case><age>1</age><className>Client encryption keys</className><duration>0.0</duration><errorDetails>Expected condition failed: waiting for invisibility of [[ScreenshootingBrowserStackDriver: chrome on XP (6946efad348cbfc6bb3dfb6ec992ec06b5cc09f9)] -&gt; id: modalOverlayClose] (tried for 90 second(s) with 500 MILLISECONDS interval)
Build info: version: '3.6.0', revision: '6fbf3ec767', time: '2017-09-27T15:28:36.4Z'
System info: host: 'ech-10-157-132-251', ip: '10.157.132.251', os.name: 'Linux', os.arch: 'amd64', os.version: '2.6.32-696.13.2.el6.x86_64', java.version: '1.8.0_102'
Driver info: com.dettonville.quality.engineering.mtaf.df.drivers.ScreenshootingBrowserStackDriver
Capabilities [{mobileEmulationEnabled=false, hasTouchScreen=false, platform=XP, acceptSslCerts=false, acceptInsecureCerts=false, webStorageEnabled=true, browserName=chrome, takesScreenshot=true, javascriptEnabled=true, platformName=XP, setWindowRect=true, unexpectedAlertBehaviour=, applicationCacheEnabled=false, rotatable=false, networkConnectionEnabled=false, chrome={chromedriverVersion=2.40.565498 (ea082db3280dd6843ebfb08a625e3eb905c4f5ab), userDataDir=C:\Windows\proxy\scoped_dir7352_6639}, takesHeapSnapshot=true, unhandledPromptBehavior=, pageLoadStrategy=normal, databaseEnabled=false, handlesAlerts=true, version=68.0.3440.75, browserConnectionEnabled=false, nativeEvents=true, webdriver.remote.sessionid=6946efad348cbfc6bb3dfb6ec992ec06b5cc09f9, locationContextEnabled=true, cssSelectorsEnabled=true}]
Session ID: 6946efad348cbfc6bb3dfb6ec992ec06b5cc09f9</errorDetails><errorStackTrace>Expected condition failed: waiting for invisibility of [[ScreenshootingBrowserStackDriver: chrome on XP (6946efad348cbfc6bb3dfb6ec992ec06b5cc09f9)] -&gt; id: modalOverlayClose] (tried for 90 second(s) with 500 MILLISECONDS interval)
Build info: version: '3.6.0', revision: '6fbf3ec767', time: '2017-09-27T15:28:36.4Z'
System info: host: 'ech-10-157-132-251', ip: '10.157.132.251', os.name: 'Linux', os.arch: 'amd64', os.version: '2.6.32-696.13.2.el6.x86_64', java.version: '1.8.0_102'
Driver info: com.dettonville.quality.engineering.mtaf.df.drivers.ScreenshootingBrowserStackDriver
Capabilities [{mobileEmulationEnabled=false, hasTouchScreen=false, platform=XP, acceptSslCerts=false, acceptInsecureCerts=false, webStorageEnabled=true, browserName=chrome, takesScreenshot=true, javascriptEnabled=true, platformName=XP, setWindowRect=true, unexpectedAlertBehaviour=, applicationCacheEnabled=false, rotatable=false, networkConnectionEnabled=false, chrome={chromedriverVersion=2.40.565498 (ea082db3280dd6843ebfb08a625e3eb905c4f5ab), userDataDir=C:\Windows\proxy\scoped_dir7352_6639}, takesHeapSnapshot=true, unhandledPromptBehavior=, pageLoadStrategy=normal, databaseEnabled=false, handlesAlerts=true, version=68.0.3440.75, browserConnectionEnabled=false, nativeEvents=true, webdriver.remote.sessionid=6946efad348cbfc6bb3dfb6ec992ec06b5cc09f9, locationContextEnabled=true, cssSelectorsEnabled=true}]
Session ID: 6946efad348cbfc6bb3dfb6ec992ec06b5cc09f9</errorStackTrace><failedSince>272</failedSince><name>MDES Key Renewal - MC Encryption Key - Pending Production Request View </name><skipped>false</skipped><status>REGRESSION</status><stderr>Expected condition failed: waiting for invisibility of [[ScreenshootingBrowserStackDriver: chrome on XP (6946efad348cbfc6bb3dfb6ec992ec06b5cc09f9)] -&gt; id: modalOverlayClose] (tried for 90 second(s) with 500 MILLISECONDS interval)
Build info: version: '3.6.0', revision: '6fbf3ec767', time: '2017-09-27T15:28:36.4Z'
System info: host: 'ech-10-157-132-251', ip: '10.157.132.251', os.name: 'Linux', os.arch: 'amd64', os.version: '2.6.32-696.13.2.el6.x86_64', java.version: '1.8.0_102'
Driver info: com.dettonville.quality.engineering.mtaf.df.drivers.ScreenshootingBrowserStackDriver
Capabilities [{mobileEmulationEnabled=false, hasTouchScreen=false, platform=XP, acceptSslCerts=false, acceptInsecureCerts=false, webStorageEnabled=true, browserName=chrome, takesScreenshot=true, javascriptEnabled=true, platformName=XP, setWindowRect=true, unexpectedAlertBehaviour=, applicationCacheEnabled=false, rotatable=false, networkConnectionEnabled=false, chrome={chromedriverVersion=2.40.565498 (ea082db3280dd6843ebfb08a625e3eb905c4f5ab), userDataDir=C:\Windows\proxy\scoped_dir7352_6639}, takesHeapSnapshot=true, unhandledPromptBehavior=, pageLoadStrategy=normal, databaseEnabled=false, handlesAlerts=true, version=68.0.3440.75, browserConnectionEnabled=false, nativeEvents=true, webdriver.remote.sessionid=6946efad348cbfc6bb3dfb6ec992ec06b5cc09f9, locationContextEnabled=true, cssSelectorsEnabled=true}]
Session ID: 6946efad348cbfc6bb3dfb6ec992ec06b5cc09f9
com.dettonville.api.quality.ubiquitous.page.WebPage.waitForInvisibilityOfElement(WebPage.java:446)
com.dettonville.api.quality.steps.BasicSteps.thenThePopupIsClosed(BasicSteps.java:125)
com.dettonville.api.quality.steps.composite.ProjectComposites.addMcEncryptKey(ProjectComposites.java:352)
</stderr></case><duration>1984.45</duration><name>Client encryption keys</name><timestamp>2018-08-240 01:05:28</timestamp></suite><suite><case><age>0</age><className>Logins</className><duration>0.0</duration><failedSince>0</failedSince><name>Composite Login to Mastercard Developers</name><skipped>false</skipped><status>PASSED</status></case><duration>23.94</duration><name>Logins</name><timestamp>2018-08-240 01:09:36</timestamp></suite><suite><case><age>0</age><className>Basic navigation</className><duration>0.0</duration><failedSince>0</failedSince><name>Basic site navigation</name><skipped>false</skipped><status>PASSED</status></case><case><age>0</age><className>Basic navigation</className><duration>0.0</duration><failedSince>0</failedSince><name>Footer links are displayed correctly</name><skipped>false</skipped><status>PASSED</status></case><duration>105.58</duration><name>Basic navigation</name><timestamp>2018-08-240 01:05:26</timestamp></suite><suite><case><age>1</age><className>Request info dynamic contact us</className><duration>0.0</duration><errorDetails>Failed to load page Support Page, expected to be at URL [https://stage.developer.dettonville.org/support] but URL found was [https://stage.developer.dettonville.org/support/?help=contactus&amp;api=Fraud%20Scoring%20for%20Merchants]</errorDetails><errorStackTrace>Failed to load page Support Page, expected to be at URL [https://stage.developer.dettonville.org/support] but URL found was [https://stage.developer.dettonville.org/support/?help=contactus&amp;api=Fraud%20Scoring%20for%20Merchants]</errorStackTrace><failedSince>272</failedSince><name>Request Information for Anonymous User</name><skipped>false</skipped><status>REGRESSION</status><stderr>Failed to load page Support Page, expected to be at URL [https://stage.developer.dettonville.org/support] but URL found was [https://stage.developer.dettonville.org/support/?help=contactus&amp;api=Fraud%20Scoring%20for%20Merchants]
com.dettonville.api.quality.ubiquitous.page.WebPage.isLoaded(WebPage.java:589)
com.dettonville.api.quality.steps.BasicSteps.pageIsDisplayed(BasicSteps.java:350)
</stderr></case><case><age>1</age><className>Request info dynamic contact us</className><duration>0.0</duration><errorDetails>Failed to load page Support Page, expected to be at URL [https://stage.developer.dettonville.org/support] but URL found was [https://stage.developer.dettonville.org/support/?help=contactus&amp;api=Fraud%20Scoring%20for%20Merchants]</errorDetails><errorStackTrace>Failed to load page Support Page, expected to be at URL [https://stage.developer.dettonville.org/support] but URL found was [https://stage.developer.dettonville.org/support/?help=contactus&amp;api=Fraud%20Scoring%20for%20Merchants]</errorStackTrace><failedSince>272</failedSince><name>Anonymous User Request Info From Product Landing Page</name><skipped>false</skipped><status>REGRESSION</status><stderr>Failed to load page Support Page, expected to be at URL [https://stage.developer.dettonville.org/support] but URL found was [https://stage.developer.dettonville.org/support/?help=contactus&amp;api=Fraud%20Scoring%20for%20Merchants]
com.dettonville.api.quality.ubiquitous.page.WebPage.isLoaded(WebPage.java:589)
com.dettonville.api.quality.steps.BasicSteps.pageIsDisplayed(BasicSteps.java:350)
</stderr></case><case><age>0</age><className>Request info dynamic contact us</className><duration>0.0</duration><failedSince>0</failedSince><name>Request information for API Information collects required information</name><skipped>false</skipped><status>PASSED</status></case><case><age>0</age><className>Request info dynamic contact us</className><duration>0.0</duration><failedSince>0</failedSince><name>Request information for Choosing the right API collects correct information</name><skipped>false</skipped><status>PASSED</status></case><case><age>0</age><className>Request info dynamic contact us</className><duration>0.0</duration><failedSince>0</failedSince><name>Request information for pricing collects the correct information</name><skipped>false</skipped><status>PASSED</status></case><case><age>0</age><className>Request info dynamic contact us</className><duration>0.0</duration><failedSince>0</failedSince><name>Request information for something else collects the correct information</name><skipped>false</skipped><status>PASSED</status></case><case><age>0</age><className>Request info dynamic contact us</className><duration>0.0</duration><failedSince>0</failedSince><name>Request information for my account and log in collects the correct information</name><skipped>false</skipped><status>PASSED</status></case><duration>304.57</duration><name>Request info dynamic contact us</name><timestamp>2018-08-240 01:38:49</timestamp></suite><suite><case><age>1</age><className>Product landing page</className><duration>0.0</duration><errorDetails>element not visible
  (Session info: chrome=68.0.3440.75)
  (Driver info: chromedriver=2.40.565498 (ea082db3280dd6843ebfb08a625e3eb905c4f5ab),platform=Windows NT 10.0.16299 x86_64) (WARNING: The server did not provide any stacktrace information)
Command duration or timeout: 21 milliseconds
Build info: version: '2.53.0', revision: '35ae25b', time: '2016-03-15 17:00:58'
System info: host: '185-129-68-68', ip: '185.129.68.68', os.name: 'windows', os.arch: 'x86', os.version: '10.0', java.version: '1.8.0_171'
Driver info: org.openqa.selenium.chrome.ChromeDriver
Capabilities [{applicationCacheEnabled=false, rotatable=false, mobileEmulationEnabled=false, networkConnectionEnabled=false, chrome={chromedriverVersion=2.40.565498 (ea082db3280dd6843ebfb08a625e3eb905c4f5ab), userDataDir=C:\Windows\proxy\scoped_dir472_18204}, takesHeapSnapshot=true, pageLoadStrategy=normal, databaseEnabled=false, handlesAlerts=true, hasTouchScreen=false, version=68.0.3440.75, platform=XP, browserConnectionEnabled=false, nativeEvents=true, acceptSslCerts=false, acceptInsecureCerts=false, locationContextEnabled=true, webStorageEnabled=true, browserName=chrome, takesScreenshot=true, javascriptEnabled=true, cssSelectorsEnabled=true, setWindowRect=true, unexpectedAlertBehaviour=}]
Session ID: e014edf15f6858f8cbddb4e90155df43
Command duration or timeout: 0 milliseconds</errorDetails><errorStackTrace>element not visible
  (Session info: chrome=68.0.3440.75)
  (Driver info: chromedriver=2.40.565498 (ea082db3280dd6843ebfb08a625e3eb905c4f5ab),platform=Windows NT 10.0.16299 x86_64) (WARNING: The server did not provide any stacktrace information)
Command duration or timeout: 21 milliseconds
Build info: version: '2.53.0', revision: '35ae25b', time: '2016-03-15 17:00:58'
System info: host: '185-129-68-68', ip: '185.129.68.68', os.name: 'windows', os.arch: 'x86', os.version: '10.0', java.version: '1.8.0_171'
Driver info: org.openqa.selenium.chrome.ChromeDriver
Capabilities [{applicationCacheEnabled=false, rotatable=false, mobileEmulationEnabled=false, networkConnectionEnabled=false, chrome={chromedriverVersion=2.40.565498 (ea082db3280dd6843ebfb08a625e3eb905c4f5ab), userDataDir=C:\Windows\proxy\scoped_dir472_18204}, takesHeapSnapshot=true, pageLoadStrategy=normal, databaseEnabled=false, handlesAlerts=true, hasTouchScreen=false, version=68.0.3440.75, platform=XP, browserConnectionEnabled=false, nativeEvents=true, acceptSslCerts=false, acceptInsecureCerts=false, locationContextEnabled=true, webStorageEnabled=true, browserName=chrome, takesScreenshot=true, javascriptEnabled=true, cssSelectorsEnabled=true, setWindowRect=true, unexpectedAlertBehaviour=}]
Session ID: e014edf15f6858f8cbddb4e90155df43
Command duration or timeout: 0 milliseconds</errorStackTrace><failedSince>272</failedSince><name>APIs Grid - Product Landing Page is viewable when logged in valid user</name><skipped>false</skipped><status>REGRESSION</status><stderr>element not visible
  (Session info: chrome=68.0.3440.75)
  (Driver info: chromedriver=2.40.565498 (ea082db3280dd6843ebfb08a625e3eb905c4f5ab),platform=Windows NT 10.0.16299 x86_64) (WARNING: The server did not provide any stacktrace information)
Command duration or timeout: 21 milliseconds
Build info: version: '2.53.0', revision: '35ae25b', time: '2016-03-15 17:00:58'
System info: host: '185-129-68-68', ip: '185.129.68.68', os.name: 'windows', os.arch: 'x86', os.version: '10.0', java.version: '1.8.0_171'
Driver info: org.openqa.selenium.chrome.ChromeDriver
Capabilities [{applicationCacheEnabled=false, rotatable=false, mobileEmulationEnabled=false, networkConnectionEnabled=false, chrome={chromedriverVersion=2.40.565498 (ea082db3280dd6843ebfb08a625e3eb905c4f5ab), userDataDir=C:\Windows\proxy\scoped_dir472_18204}, takesHeapSnapshot=true, pageLoadStrategy=normal, databaseEnabled=false, handlesAlerts=true, hasTouchScreen=false, version=68.0.3440.75, platform=XP, browserConnectionEnabled=false, nativeEvents=true, acceptSslCerts=false, acceptInsecureCerts=false, locationContextEnabled=true, webStorageEnabled=true, browserName=chrome, takesScreenshot=true, javascriptEnabled=true, cssSelectorsEnabled=true, setWindowRect=true, unexpectedAlertBehaviour=}]
Session ID: e014edf15f6858f8cbddb4e90155df43
Command duration or timeout: 0 milliseconds
com.dettonville.api.quality.ubiquitous.page.WebPage.clickNoScroll(WebPage.java:66)
com.dettonville.api.quality.steps.BasicSteps.whenIClickWithoutScrolling(BasicSteps.java:95)
com.dettonville.api.quality.steps.composite.BasicComposites.linksToProdPage(BasicComposites.java:123)
</stderr></case><case><age>1</age><className>Product landing page</className><duration>0.0</duration><errorDetails>element not visible
  (Session info: chrome=68.0.3440.75)
  (Driver info: chromedriver=2.40.565498 (ea082db3280dd6843ebfb08a625e3eb905c4f5ab),platform=Windows NT 10.0.16299 x86_64) (WARNING: The server did not provide any stacktrace information)
Command duration or timeout: 13 milliseconds
Build info: version: '2.53.0', revision: '35ae25b', time: '2016-03-15 17:00:58'
System info: host: '185-129-68-68', ip: '185.129.68.68', os.name: 'windows', os.arch: 'x86', os.version: '10.0', java.version: '1.8.0_171'
Driver info: org.openqa.selenium.chrome.ChromeDriver
Capabilities [{applicationCacheEnabled=false, rotatable=false, mobileEmulationEnabled=false, networkConnectionEnabled=false, chrome={chromedriverVersion=2.40.565498 (ea082db3280dd6843ebfb08a625e3eb905c4f5ab), userDataDir=C:\Windows\proxy\scoped_dir472_18204}, takesHeapSnapshot=true, pageLoadStrategy=normal, databaseEnabled=false, handlesAlerts=true, hasTouchScreen=false, version=68.0.3440.75, platform=XP, browserConnectionEnabled=false, nativeEvents=true, acceptSslCerts=false, acceptInsecureCerts=false, locationContextEnabled=true, webStorageEnabled=true, browserName=chrome, takesScreenshot=true, javascriptEnabled=true, cssSelectorsEnabled=true, setWindowRect=true, unexpectedAlertBehaviour=}]
Session ID: e014edf15f6858f8cbddb4e90155df43
Command duration or timeout: 0 milliseconds</errorDetails><errorStackTrace>element not visible
  (Session info: chrome=68.0.3440.75)
  (Driver info: chromedriver=2.40.565498 (ea082db3280dd6843ebfb08a625e3eb905c4f5ab),platform=Windows NT 10.0.16299 x86_64) (WARNING: The server did not provide any stacktrace information)
Command duration or timeout: 13 milliseconds
Build info: version: '2.53.0', revision: '35ae25b', time: '2016-03-15 17:00:58'
System info: host: '185-129-68-68', ip: '185.129.68.68', os.name: 'windows', os.arch: 'x86', os.version: '10.0', java.version: '1.8.0_171'
Driver info: org.openqa.selenium.chrome.ChromeDriver
Capabilities [{applicationCacheEnabled=false, rotatable=false, mobileEmulationEnabled=false, networkConnectionEnabled=false, chrome={chromedriverVersion=2.40.565498 (ea082db3280dd6843ebfb08a625e3eb905c4f5ab), userDataDir=C:\Windows\proxy\scoped_dir472_18204}, takesHeapSnapshot=true, pageLoadStrategy=normal, databaseEnabled=false, handlesAlerts=true, hasTouchScreen=false, version=68.0.3440.75, platform=XP, browserConnectionEnabled=false, nativeEvents=true, acceptSslCerts=false, acceptInsecureCerts=false, locationContextEnabled=true, webStorageEnabled=true, browserName=chrome, takesScreenshot=true, javascriptEnabled=true, cssSelectorsEnabled=true, setWindowRect=true, unexpectedAlertBehaviour=}]
Session ID: e014edf15f6858f8cbddb4e90155df43
Command duration or timeout: 0 milliseconds</errorStackTrace><failedSince>272</failedSince><name>APIs Grid - Product Landing Page Viewable when user not logged in (guest)</name><skipped>false</skipped><status>REGRESSION</status><stderr>element not visible
  (Session info: chrome=68.0.3440.75)
  (Driver info: chromedriver=2.40.565498 (ea082db3280dd6843ebfb08a625e3eb905c4f5ab),platform=Windows NT 10.0.16299 x86_64) (WARNING: The server did not provide any stacktrace information)
Command duration or timeout: 13 milliseconds
Build info: version: '2.53.0', revision: '35ae25b', time: '2016-03-15 17:00:58'
System info: host: '185-129-68-68', ip: '185.129.68.68', os.name: 'windows', os.arch: 'x86', os.version: '10.0', java.version: '1.8.0_171'
Driver info: org.openqa.selenium.chrome.ChromeDriver
Capabilities [{applicationCacheEnabled=false, rotatable=false, mobileEmulationEnabled=false, networkConnectionEnabled=false, chrome={chromedriverVersion=2.40.565498 (ea082db3280dd6843ebfb08a625e3eb905c4f5ab), userDataDir=C:\Windows\proxy\scoped_dir472_18204}, takesHeapSnapshot=true, pageLoadStrategy=normal, databaseEnabled=false, handlesAlerts=true, hasTouchScreen=false, version=68.0.3440.75, platform=XP, browserConnectionEnabled=false, nativeEvents=true, acceptSslCerts=false, acceptInsecureCerts=false, locationContextEnabled=true, webStorageEnabled=true, browserName=chrome, takesScreenshot=true, javascriptEnabled=true, cssSelectorsEnabled=true, setWindowRect=true, unexpectedAlertBehaviour=}]
Session ID: e014edf15f6858f8cbddb4e90155df43
Command duration or timeout: 0 milliseconds
com.dettonville.api.quality.ubiquitous.page.WebPage.clickNoScroll(WebPage.java:66)
com.dettonville.api.quality.steps.BasicSteps.whenIClickWithoutScrolling(BasicSteps.java:95)
com.dettonville.api.quality.steps.composite.BasicComposites.linksToProdPage(BasicComposites.java:123)
</stderr></case><duration>208.56</duration><name>Product landing page</name><timestamp>2018-08-240 01:06:13</timestamp></suite><suite><case><age>0</age><className>Simple signup</className><duration>0.0</duration><failedSince>0</failedSince><name>Sign up a new user, validate login and complete profile</name><skipped>false</skipped><status>PASSED</status></case><duration>183.75</duration><name>Simple signup</name><timestamp>2018-08-240 01:09:59</timestamp></suite><suite><case><age>0</age><className>Encryption keys with invalid CSR</className><duration>0.0</duration><failedSince>0</failedSince><name>Project Dashboard - Key Management</name><skipped>false</skipped><status>PASSED</status></case><case><age>0</age><className>Encryption keys with invalid CSR</className><duration>0.0</duration><failedSince>0</failedSince><name>Project Dashboard - Key Management</name><skipped>false</skipped><status>PASSED</status></case><duration>231.39</duration><name>Encryption keys with invalid CSR</name><timestamp>2018-08-240 01:05:28</timestamp></suite><suite><case><age>2</age><className>Mdes api flows</className><duration>0.0</duration><errorDetails>Expected condition failed: waiting for visibility of element located by By.xpath: //*[@id='successDeleteProject']//h2[contains(text(),'Project Deleted!')] (tried for 120 second(s) with 500 MILLISECONDS interval)</errorDetails><errorStackTrace>Expected condition failed: waiting for visibility of element located by By.xpath: //*[@id='successDeleteProject']//h2[contains(text(),'Project Deleted!')] (tried for 120 second(s) with 500 MILLISECONDS interval)</errorStackTrace><failedSince>271</failedSince><name>Project Dashboard - Key Management - Create Sandbox Key for MDES API - Add SandBox key, Move to Production - MDES API</name><skipped>false</skipped><status>FAILED</status><stderr>Expected condition failed: waiting for visibility of element located by By.xpath: //*[@id='successDeleteProject']//h2[contains(text(),'Project Deleted!')] (tried for 120 second(s) with 500 MILLISECONDS interval)
com.dettonville.api.quality.ubiquitous.page.WebPage.waitForElVisibility(WebPage.java:394)
com.dettonville.api.quality.ubiquitous.page.WebPage.popUpIsDisplayed(WebPage.java:429)
com.dettonville.api.quality.steps.BasicSteps.popupIsDisplayed(BasicSteps.java:119)
com.dettonville.api.quality.steps.composite.ProjectComposites.deleteProjectFromProjectDetailsPage(ProjectComposites.java:479)
</stderr></case><case><age>1</age><className>Mdes api flows</className><duration>0.0</duration><errorDetails>Expected condition failed: waiting for visibility of element located by By.xpath: //*[@id='successDeleteProject']//h2[contains(text(),'Project Deleted!')] (tried for 120 second(s) with 500 MILLISECONDS interval)</errorDetails><errorStackTrace>Expected condition failed: waiting for visibility of element located by By.xpath: //*[@id='successDeleteProject']//h2[contains(text(),'Project Deleted!')] (tried for 120 second(s) with 500 MILLISECONDS interval)</errorStackTrace><failedSince>272</failedSince><name>Project Dashboard - Key Management</name><skipped>false</skipped><status>REGRESSION</status><stderr>Expected condition failed: waiting for visibility of element located by By.xpath: //*[@id='successDeleteProject']//h2[contains(text(),'Project Deleted!')] (tried for 120 second(s) with 500 MILLISECONDS interval)
com.dettonville.api.quality.ubiquitous.page.WebPage.waitForElVisibility(WebPage.java:394)
com.dettonville.api.quality.ubiquitous.page.WebPage.popUpIsDisplayed(WebPage.java:429)
com.dettonville.api.quality.steps.BasicSteps.popupIsDisplayed(BasicSteps.java:119)
com.dettonville.api.quality.steps.composite.ProjectComposites.deleteProjectFromProjectDetailsPage(ProjectComposites.java:479)
</stderr></case><case><age>0</age><className>Mdes api flows</className><duration>0.0</duration><failedSince>0</failedSince><name>Project Dashboard - Key Management - Pending Production Request - MDES API - Copy Fingerprint, Change/View Push Endpoint</name><skipped>false</skipped><status>PASSED</status></case><duration>734.8</duration><name>Mdes api flows</name><timestamp>2018-08-240 01:08:58</timestamp></suite><suite><case><age>0</age><className>Navigation dynamic contact us</className><duration>0.0</duration><failedSince>0</failedSince><name>Get Help for registered user with attachment</name><skipped>false</skipped><status>PASSED</status></case><case><age>0</age><className>Navigation dynamic contact us</className><duration>0.0</duration><failedSince>0</failedSince><name>Anonymous User From Documentation Page - Requires Login</name><skipped>false</skipped><status>PASSED</status></case><case><age>1</age><className>Navigation dynamic contact us</className><duration>0.0</duration><errorDetails>Failed to load page Support Page, expected to be at URL [https://stage.developer.dettonville.org/support] but URL found was [https://stage.developer.dettonville.org/support/?help=contactus&amp;api=Assurance%20IQ]</errorDetails><errorStackTrace>Failed to load page Support Page, expected to be at URL [https://stage.developer.dettonville.org/support] but URL found was [https://stage.developer.dettonville.org/support/?help=contactus&amp;api=Assurance%20IQ]</errorStackTrace><failedSince>272</failedSince><name>Registered User - Request Information from Product Landing Page</name><skipped>false</skipped><status>REGRESSION</status><stderr>Failed to load page Support Page, expected to be at URL [https://stage.developer.dettonville.org/support] but URL found was [https://stage.developer.dettonville.org/support/?help=contactus&amp;api=Assurance%20IQ]
com.dettonville.api.quality.ubiquitous.page.WebPage.isLoaded(WebPage.java:589)
com.dettonville.api.quality.steps.BasicSteps.pageIsDisplayed(BasicSteps.java:350)
</stderr></case><case><age>0</age><className>Navigation dynamic contact us</className><duration>0.0</duration><failedSince>0</failedSince><name>Registered User - Get Help from Documentation Page, requires login</name><skipped>false</skipped><status>PASSED</status></case><duration>194.06</duration><name>Navigation dynamic contact us</name><timestamp>2018-08-240 01:07:27</timestamp></suite><suite><case><age>0</age><className>Basic user feedback flows</className><duration>0.0</duration><failedSince>0</failedSince><name>Documentation – Quick Feedback</name><skipped>false</skipped><status>PASSED</status></case><case><age>1</age><className>Basic user feedback flows</className><duration>0.0</duration><errorDetails>Expected element Heading to be visible when page SDK Details Page is loaded, but not visible after 90 seconds</errorDetails><errorStackTrace>Expected element Heading to be visible when page SDK Details Page is loaded, but not visible after 90 seconds</errorStackTrace><failedSince>272</failedSince><name>Generic page – Quick Feedback (quickstart)</name><skipped>false</skipped><status>REGRESSION</status><stderr>Expected element Heading to be visible when page SDK Details Page is loaded, but not visible after 90 seconds
com.dettonville.api.quality.ubiquitous.page.WebPage.isLoaded(WebPage.java:568)
com.dettonville.api.quality.steps.BasicSteps.pageIsDisplayed(BasicSteps.java:350)
</stderr></case><case><age>0</age><className>Basic user feedback flows</className><duration>0.0</duration><failedSince>0</failedSince><name>Improvement form (quickstart) - Logged In</name><skipped>false</skipped><status>PASSED</status></case><case><age>0</age><className>Basic user feedback flows</className><duration>0.0</duration><failedSince>0</failedSince><name>Documentation – Improvement form - Logged In - Validate Email received by Service Owner</name><skipped>false</skipped><status>PASSED</status></case><case><age>0</age><className>Basic user feedback flows</className><duration>0.0</duration><failedSince>0</failedSince><name>Improvement form (quickstart) - Not Logged In</name><skipped>false</skipped><status>PASSED</status></case><duration>420.16</duration><name>Basic user feedback flows</name><timestamp>2018-08-240 01:07:43</timestamp></suite><suite><case><age>0</age><className>Change email</className><duration>0.0</duration><failedSince>0</failedSince><name>Change my email address</name><skipped>false</skipped><status>PASSED</status></case><duration>119.8</duration><name>Change email</name><timestamp>2018-08-240 01:30:20</timestamp></suite><suite><case><age>0</age><className>Get help dynamic contact us</className><duration>0.0</duration><failedSince>0</failedSince><name>Contact us for key management issue has dynamic project and key drop down</name><skipped>false</skipped><status>PASSED</status></case><case><age>0</age><className>Get help dynamic contact us</className><duration>0.0</duration><failedSince>0</failedSince><name>Anonymous User Request Info From Support Page, needs login for get help</name><skipped>false</skipped><status>PASSED</status></case><case><age>0</age><className>Get help dynamic contact us</className><duration>0.0</duration><failedSince>0</failedSince><name>Get Help for API Documentation collects required information</name><skipped>false</skipped><status>PASSED</status></case><case><age>0</age><className>Get help dynamic contact us</className><duration>0.0</duration><failedSince>0</failedSince><name>Get Help for My Account and Login collects required information</name><skipped>false</skipped><status>PASSED</status></case><case><age>0</age><className>Get help dynamic contact us</className><duration>0.0</duration><failedSince>0</failedSince><name>Get Help for Key Management collects required information</name><skipped>false</skipped><status>PASSED</status></case><case><age>0</age><className>Get help dynamic contact us</className><duration>0.0</duration><failedSince>0</failedSince><name>Get Help for Something Else collects required information</name><skipped>false</skipped><status>PASSED</status></case><case><age>0</age><className>Get help dynamic contact us</className><duration>0.0</duration><failedSince>0</failedSince><name>Get Help for Access Request collects required information</name><skipped>false</skipped><status>PASSED</status></case><case><age>0</age><className>Get help dynamic contact us</className><duration>0.0</duration><failedSince>0</failedSince><name>Get Help for API Authentication collects required information</name><skipped>false</skipped><status>PASSED</status></case><duration>581.55</duration><name>Get help dynamic contact us</name><timestamp>2018-08-240 01:05:28</timestamp></suite><suite><case><age>0</age><className>Search</className><duration>0.0</duration><failedSince>0</failedSince><name>Search - Anonymous User - Search Result Format - API</name><skipped>false</skipped><status>FIXED</status></case><case><age>0</age><className>Search</className><duration>0.0</duration><failedSince>0</failedSince><name>Search - Registered User - Search Result Format - API</name><skipped>false</skipped><status>PASSED</status></case><case><age>0</age><className>Search</className><duration>0.0</duration><failedSince>0</failedSince><name>Search - Search Result Format - Documentation</name><skipped>false</skipped><status>PASSED</status></case><case><age>0</age><className>Search</className><duration>0.0</duration><failedSince>0</failedSince><name>Search - Search Result Format - specifying not relevant search criteria</name><skipped>false</skipped><status>PASSED</status></case><case><age>0</age><className>Search</className><duration>0.0</duration><failedSince>0</failedSince><name>Search - Search Query - Verify user can enter Alphanumeric &amp; Special Characters combination in Search box</name><skipped>false</skipped><status>PASSED</status></case><case><age>0</age><className>Search</className><duration>0.0</duration><failedSince>0</failedSince><name>Search - Clear Data - Clear Data when click "X"</name><skipped>false</skipped><status>PASSED</status></case><duration>178.61</duration><name>Search</name><timestamp>2018-08-240 01:10:17</timestamp></suite><suite><case><age>0</age><className>Product document page access</className><duration>0.0</duration><failedSince>0</failedSince><name>APIs Grid - Public API - Documentation page is accessible when user is not logged in (guest)</name><skipped>false</skipped><status>PASSED</status></case><case><age>0</age><className>Product document page access</className><duration>0.0</duration><failedSince>0</failedSince><name>APIs Grid - Private API - Private API Documentation is not Viewable when user not logged in (guest)</name><skipped>false</skipped><status>PASSED</status></case><case><age>0</age><className>Product document page access</className><duration>0.0</duration><failedSince>0</failedSince><name>APIs Grid - Private API - Documentation is not viewable when logged in user is not added to the role</name><skipped>false</skipped><status>PASSED</status></case><case><age>0</age><className>Product document page access</className><duration>0.0</duration><failedSince>0</failedSince><name>APIs Grid - Private API - Documentation page is accessible when logged in user is added to the private api's access role</name><skipped>false</skipped><status>PASSED</status></case><case><age>0</age><className>Product document page access</className><duration>0.0</duration><failedSince>0</failedSince><name>APIs Grid - Private-Private API- Documentation Page</name><skipped>false</skipped><status>PASSED</status></case><duration>360.55</duration><name>Product document page access</name><timestamp>2018-08-240 01:06:07</timestamp></suite><suite><case><age>0</age><className>Masterpass onboarding</className><duration>0.0</duration><failedSince>0</failedSince><name>MP SignUp - Create Developer Account E2E from Masterpass vanity url</name><skipped>false</skipped><status>PASSED</status></case><case><age>0</age><className>Masterpass onboarding</className><duration>0.0</duration><failedSince>0</failedSince><name>Project Dashboard</name><skipped>false</skipped><status>PASSED</status></case><case><age>0</age><className>Masterpass onboarding</className><duration>0.0</duration><failedSince>0</failedSince><name>MP Forgot Password E2E - Masterpass user when First answer is correct</name><skipped>false</skipped><status>PASSED</status></case><case><age>0</age><className>Masterpass onboarding</className><duration>0.0</duration><failedSince>0</failedSince><name>MP Forgot Password E2E - Masterpass user when First answer is incorrect and second answer is correct</name><skipped>false</skipped><status>PASSED</status></case><case><age>0</age><className>Masterpass onboarding</className><duration>0.0</duration><failedSince>0</failedSince><name>MP Forgot Password E2E - Masterpass user when both security answers are incorrect</name><skipped>false</skipped><status>PASSED</status></case><case><age>0</age><className>Masterpass onboarding</className><duration>0.0</duration><failedSince>0</failedSince><name>My Account - Profile Page - Verify user update Security Question when Security Answer field length between 3 to 30 chars</name><skipped>false</skipped><status>PASSED</status></case><case><age>0</age><className>Masterpass onboarding</className><duration>0.0</duration><failedSince>0</failedSince><name>My Account - Profile Page - Verify user profile page update when logged as Non Masterpass user and after creating Masterpass Project</name><skipped>false</skipped><status>PASSED</status></case><duration>507.97</duration><name>Masterpass onboarding</name><timestamp>2018-08-240 01:21:32</timestamp></suite><suite><case><age>0</age><className>Forgot password</className><duration>0.0</duration><failedSince>0</failedSince><name>Forgot Password</name><skipped>false</skipped><status>FIXED</status></case><duration>154.2</duration><name>Forgot password</name><timestamp>2018-08-240 01:12:25</timestamp></suite><suite><case><age>2</age><className>Blogs</className><duration>0.0</duration><errorDetails>Cannot locate an element using By.xpath: //div[@data-type='TWITTER']
For documentation on this error, please visit: http://seleniumhq.org/exceptions/no_such_element.html
Build info: version: '3.6.0', revision: '6fbf3ec767', time: '2017-09-27T15:28:36.4Z'
System info: host: 'ech-10-157-133-41', ip: '10.157.133.41', os.name: 'Linux', os.arch: 'amd64', os.version: '2.6.32-696.13.2.el6.x86_64', java.version: '1.8.0_102'
Driver info: driver.version: unknown
For documentation on this error, please visit: http://seleniumhq.org/exceptions/no_such_element.html
Build info: version: '3.6.0', revision: '6fbf3ec767', time: '2017-09-27T15:28:36.4Z'
System info: host: 'ech-10-157-133-41', ip: '10.157.133.41', os.name: 'Linux', os.arch: 'amd64', os.version: '2.6.32-696.13.2.el6.x86_64', java.version: '1.8.0_102'
Driver info: driver.version: unknown</errorDetails><errorStackTrace>Cannot locate an element using By.xpath: //div[@data-type='TWITTER']
For documentation on this error, please visit: http://seleniumhq.org/exceptions/no_such_element.html
Build info: version: '3.6.0', revision: '6fbf3ec767', time: '2017-09-27T15:28:36.4Z'
System info: host: 'ech-10-157-133-41', ip: '10.157.133.41', os.name: 'Linux', os.arch: 'amd64', os.version: '2.6.32-696.13.2.el6.x86_64', java.version: '1.8.0_102'
Driver info: driver.version: unknown
For documentation on this error, please visit: http://seleniumhq.org/exceptions/no_such_element.html
Build info: version: '3.6.0', revision: '6fbf3ec767', time: '2017-09-27T15:28:36.4Z'
System info: host: 'ech-10-157-133-41', ip: '10.157.133.41', os.name: 'Linux', os.arch: 'amd64', os.version: '2.6.32-696.13.2.el6.x86_64', java.version: '1.8.0_102'
Driver info: driver.version: unknown</errorStackTrace><failedSince>271</failedSince><name>navigate to blog as registered user and validate its loading</name><skipped>false</skipped><status>FAILED</status><stderr>Cannot locate an element using By.xpath: //div[@data-type='TWITTER']
For documentation on this error, please visit: http://seleniumhq.org/exceptions/no_such_element.html
Build info: version: '3.6.0', revision: '6fbf3ec767', time: '2017-09-27T15:28:36.4Z'
System info: host: 'ech-10-157-133-41', ip: '10.157.133.41', os.name: 'Linux', os.arch: 'amd64', os.version: '2.6.32-696.13.2.el6.x86_64', java.version: '1.8.0_102'
Driver info: driver.version: unknown
For documentation on this error, please visit: http://seleniumhq.org/exceptions/no_such_element.html
Build info: version: '3.6.0', revision: '6fbf3ec767', time: '2017-09-27T15:28:36.4Z'
System info: host: 'ech-10-157-133-41', ip: '10.157.133.41', os.name: 'Linux', os.arch: 'amd64', os.version: '2.6.32-696.13.2.el6.x86_64', java.version: '1.8.0_102'
Driver info: driver.version: unknown
com.dettonville.api.quality.ubiquitous.page.WebPage.waitForElVisibility(WebPage.java:394)
com.dettonville.api.quality.ubiquitous.page.WebPage.isVisible(WebPage.java:359)
com.dettonville.api.quality.steps.BasicSteps.controlIsVisible(BasicSteps.java:411)
</stderr></case><duration>127.21</duration><name>Blogs</name><timestamp>2018-08-240 01:05:07</timestamp></suite><suite><case><age>0</age><className>Support page</className><duration>0.0</duration><failedSince>0</failedSince><name>Support Search API Articles and Filter</name><skipped>false</skipped><status>PASSED</status></case><case><age>0</age><className>Support page</className><duration>0.0</duration><failedSince>0</failedSince><name>Support Landing Page Layout for Logged User</name><skipped>false</skipped><status>PASSED</status></case><duration>84.38</duration><name>Support page</name><timestamp>2018-08-240 01:28:14</timestamp></suite><suite><case><age>0</age><className>Signing keys</className><duration>0.0</duration><failedSince>0</failedSince><name>Project Dashboard - Key Management - Add Key - Sandbox View (Sand Box Key) section</name><skipped>false</skipped><status>PASSED</status></case><case><age>1</age><className>Signing keys</className><duration>0.0</duration><errorDetails>Expected condition failed: waiting for visibility of element located by By.xpath: //*[@id='successDeleteProject']//h2[contains(text(),'Project Deleted!')] (tried for 120 second(s) with 500 MILLISECONDS interval)</errorDetails><errorStackTrace>Expected condition failed: waiting for visibility of element located by By.xpath: //*[@id='successDeleteProject']//h2[contains(text(),'Project Deleted!')] (tried for 120 second(s) with 500 MILLISECONDS interval)</errorStackTrace><failedSince>272</failedSince><name>Project Dashboard - Key Management - Copy Consumer Key - Pending Production Request View (Sand Box Key) section</name><skipped>false</skipped><status>REGRESSION</status><stderr>Expected condition failed: waiting for visibility of element located by By.xpath: //*[@id='successDeleteProject']//h2[contains(text(),'Project Deleted!')] (tried for 120 second(s) with 500 MILLISECONDS interval)
com.dettonville.api.quality.ubiquitous.page.WebPage.waitForElVisibility(WebPage.java:394)
com.dettonville.api.quality.ubiquitous.page.WebPage.popUpIsDisplayed(WebPage.java:429)
com.dettonville.api.quality.steps.BasicSteps.popupIsDisplayed(BasicSteps.java:119)
com.dettonville.api.quality.steps.composite.ProjectComposites.deleteProjectFromProjectDetailsPage(ProjectComposites.java:479)
</stderr></case><case><age>1</age><className>Signing keys</className><duration>0.0</duration><errorDetails>Expected condition failed: waiting for visibility of element located by By.xpath: //*[@id='successDeleteProject']//h2[contains(text(),'Project Deleted!')] (tried for 120 second(s) with 500 MILLISECONDS interval)</errorDetails><errorStackTrace>Expected condition failed: waiting for visibility of element located by By.xpath: //*[@id='successDeleteProject']//h2[contains(text(),'Project Deleted!')] (tried for 120 second(s) with 500 MILLISECONDS interval)</errorStackTrace><failedSince>272</failedSince><name>Project Dashboard - Key Management - Copy Consumer Key - Pending Production Request View (Production Key) section</name><skipped>false</skipped><status>REGRESSION</status><stderr>Expected condition failed: waiting for visibility of element located by By.xpath: //*[@id='successDeleteProject']//h2[contains(text(),'Project Deleted!')] (tried for 120 second(s) with 500 MILLISECONDS interval)
com.dettonville.api.quality.ubiquitous.page.WebPage.waitForElVisibility(WebPage.java:394)
com.dettonville.api.quality.ubiquitous.page.WebPage.popUpIsDisplayed(WebPage.java:429)
com.dettonville.api.quality.steps.BasicSteps.popupIsDisplayed(BasicSteps.java:119)
com.dettonville.api.quality.steps.composite.ProjectComposites.deleteProjectFromProjectDetailsPage(ProjectComposites.java:479)
</stderr></case><case><age>1</age><className>Signing keys</className><duration>0.0</duration><errorDetails>Expected condition failed: waiting for visibility of element located by By.xpath: //*[@id='successDeleteProject']//h2[contains(text(),'Project Deleted!')] (tried for 120 second(s) with 500 MILLISECONDS interval)</errorDetails><errorStackTrace>Expected condition failed: waiting for visibility of element located by By.xpath: //*[@id='successDeleteProject']//h2[contains(text(),'Project Deleted!')] (tried for 120 second(s) with 500 MILLISECONDS interval)</errorStackTrace><failedSince>272</failedSince><name>Project Dashboard - Key Management - Add Key - Pending Production Request View (Sand Box Key) section</name><skipped>false</skipped><status>REGRESSION</status><stderr>Expected condition failed: waiting for visibility of element located by By.xpath: //*[@id='successDeleteProject']//h2[contains(text(),'Project Deleted!')] (tried for 120 second(s) with 500 MILLISECONDS interval)
com.dettonville.api.quality.ubiquitous.page.WebPage.waitForElVisibility(WebPage.java:394)
com.dettonville.api.quality.ubiquitous.page.WebPage.popUpIsDisplayed(WebPage.java:429)
com.dettonville.api.quality.steps.BasicSteps.popupIsDisplayed(BasicSteps.java:119)
com.dettonville.api.quality.steps.composite.ProjectComposites.deleteProjectFromProjectDetailsPage(ProjectComposites.java:479)
</stderr></case><case><age>1</age><className>Signing keys</className><duration>0.0</duration><errorDetails>Expected condition failed: waiting for visibility of element located by By.xpath: //*[@id='successDeleteProject']//h2[contains(text(),'Project Deleted!')] (tried for 120 second(s) with 500 MILLISECONDS interval)</errorDetails><errorStackTrace>Expected condition failed: waiting for visibility of element located by By.xpath: //*[@id='successDeleteProject']//h2[contains(text(),'Project Deleted!')] (tried for 120 second(s) with 500 MILLISECONDS interval)</errorStackTrace><failedSince>272</failedSince><name>Project Dashboard - Key Management - Add Key - Pending Production Request View (Production Key) section</name><skipped>false</skipped><status>REGRESSION</status><stderr>Expected condition failed: waiting for visibility of element located by By.xpath: //*[@id='successDeleteProject']//h2[contains(text(),'Project Deleted!')] (tried for 120 second(s) with 500 MILLISECONDS interval)
com.dettonville.api.quality.ubiquitous.page.WebPage.waitForElVisibility(WebPage.java:394)
com.dettonville.api.quality.ubiquitous.page.WebPage.popUpIsDisplayed(WebPage.java:429)
com.dettonville.api.quality.steps.BasicSteps.popupIsDisplayed(BasicSteps.java:119)
com.dettonville.api.quality.steps.composite.ProjectComposites.deleteProjectFromProjectDetailsPage(ProjectComposites.java:479)
</stderr></case><case><age>1</age><className>Signing keys</className><duration>0.0</duration><errorDetails>Expected condition failed: waiting for visibility of element located by By.xpath: //*[@id='successDeleteProject']//h2[contains(text(),'Project Deleted!')] (tried for 120 second(s) with 500 MILLISECONDS interval)</errorDetails><errorStackTrace>Expected condition failed: waiting for visibility of element located by By.xpath: //*[@id='successDeleteProject']//h2[contains(text(),'Project Deleted!')] (tried for 120 second(s) with 500 MILLISECONDS interval)</errorStackTrace><failedSince>272</failedSince><name>Project Dashboard - Key Management - Renew Key Link - Pending Production Request View (Sandbox Key) section</name><skipped>false</skipped><status>REGRESSION</status><stderr>Expected condition failed: waiting for visibility of element located by By.xpath: //*[@id='successDeleteProject']//h2[contains(text(),'Project Deleted!')] (tried for 120 second(s) with 500 MILLISECONDS interval)
com.dettonville.api.quality.ubiquitous.page.WebPage.waitForElVisibility(WebPage.java:394)
com.dettonville.api.quality.ubiquitous.page.WebPage.popUpIsDisplayed(WebPage.java:429)
com.dettonville.api.quality.steps.BasicSteps.popupIsDisplayed(BasicSteps.java:119)
com.dettonville.api.quality.steps.composite.ProjectComposites.deleteProjectFromProjectDetailsPage(ProjectComposites.java:479)
</stderr></case><case><age>0</age><className>Signing keys</className><duration>0.0</duration><failedSince>0</failedSince><name>Project Dashboard - Key Management - Renew Key Link - Pending Production Request  View (Production Key) section</name><skipped>false</skipped><status>PASSED</status></case><case><age>0</age><className>Signing keys</className><duration>0.0</duration><failedSince>0</failedSince><name>Project Dashboard - Key Management - Renew Keys - Sandbox View (Sand Box Key) section</name><skipped>false</skipped><status>PASSED</status></case><case><age>0</age><className>Signing keys</className><duration>0.0</duration><failedSince>0</failedSince><name>Project Dashboard - Key Management - Revoke Keys - Sandbox View (Sand Box Key) section</name><skipped>false</skipped><status>PASSED</status></case><case><age>1</age><className>Signing keys</className><duration>0.0</duration><errorDetails>Expected element Project Name to be visible when page Project Details Page is loaded, but not visible after 90 seconds</errorDetails><errorStackTrace>Expected element Project Name to be visible when page Project Details Page is loaded, but not visible after 90 seconds</errorStackTrace><failedSince>272</failedSince><name>Project Dashboard - Key Management - Revoke Keys - Pending Production Request View (SandBox/Production Key) section</name><skipped>false</skipped><status>REGRESSION</status><stderr>Expected element Project Name to be visible when page Project Details Page is loaded, but not visible after 90 seconds
com.dettonville.api.quality.ubiquitous.page.WebPage.isLoaded(WebPage.java:568)
com.dettonville.api.quality.steps.BasicSteps.pageIsDisplayed(BasicSteps.java:350)
com.dettonville.api.quality.steps.composite.ProjectComposites.moveToProduction(ProjectComposites.java:197)
</stderr></case><duration>2038.43</duration><name>Signing keys</name><timestamp>2018-08-240 01:04:45</timestamp></suite><suite><case><age>0</age><className>API explorer</className><duration>0.0</duration><failedSince>0</failedSince><name>API Explorer -- Location service - User not logged In</name><skipped>false</skipped><status>PASSED</status></case><case><age>0</age><className>API explorer</className><duration>0.0</duration><failedSince>0</failedSince><name>API Explorer -- Places service - Logged as Public user</name><skipped>false</skipped><status>PASSED</status></case><case><age>0</age><className>API explorer</className><duration>0.0</duration><failedSince>0</failedSince><name>API Explorer -- Assurance IQ service - Logged In as Private API User (all resources checked)</name><skipped>false</skipped><status>PASSED</status></case><duration>209.93</duration><name>API explorer</name><timestamp>2018-08-240 01:05:12</timestamp></suite><suite><case><age>0</age><className>Change password</className><duration>0.0</duration><failedSince>0</failedSince><name>Login to developer.dettonville.org and change the password, then revert password</name><skipped>false</skipped><status>PASSED</status></case><case><age>0</age><className>Change password</className><duration>0.0</duration><failedSince>0</failedSince><name>Validate password meets standards</name><skipped>false</skipped><status>PASSED</status></case><duration>162.75</duration><name>Change password</name><timestamp>2018-08-240 01:39:03</timestamp></suite><suite><case><age>0</age><className>Project management</className><duration>0.0</duration><failedSince>0</failedSince><name>Navigate to Generic pages SDK Guides and validate the headers</name><skipped>false</skipped><status>PASSED</status></case><case><age>1</age><className>Project management</className><duration>0.0</duration><errorDetails>Expected condition failed: waiting for visibility of element located by By.xpath: //*[@id='successDeleteProject']//h2[contains(text(),'Project Deleted!')] (tried for 120 second(s) with 500 MILLISECONDS interval)</errorDetails><errorStackTrace>Expected condition failed: waiting for visibility of element located by By.xpath: //*[@id='successDeleteProject']//h2[contains(text(),'Project Deleted!')] (tried for 120 second(s) with 500 MILLISECONDS interval)</errorStackTrace><failedSince>272</failedSince><name>Project Creation - Single API - Existing user</name><skipped>false</skipped><status>REGRESSION</status><stderr>Expected condition failed: waiting for visibility of element located by By.xpath: //*[@id='successDeleteProject']//h2[contains(text(),'Project Deleted!')] (tried for 120 second(s) with 500 MILLISECONDS interval)
com.dettonville.api.quality.ubiquitous.page.WebPage.waitForElVisibility(WebPage.java:394)
com.dettonville.api.quality.ubiquitous.page.WebPage.popUpIsDisplayed(WebPage.java:429)
com.dettonville.api.quality.steps.BasicSteps.popupIsDisplayed(BasicSteps.java:119)
com.dettonville.api.quality.steps.composite.ProjectComposites.deleteProjectFromProjectDetailsPage(ProjectComposites.java:479)
</stderr></case><case><age>0</age><className>Project management</className><duration>0.0</duration><failedSince>0</failedSince><name>Project Creation - Multiple API - Existing user</name><skipped>false</skipped><status>PASSED</status></case><case><age>1</age><className>Project management</className><duration>0.0</duration><errorDetails>Expected condition failed: waiting for visibility of element located by By.xpath: //*[@id='successDeleteProject']//h2[contains(text(),'Project Deleted!')] (tried for 120 second(s) with 500 MILLISECONDS interval)</errorDetails><errorStackTrace>Expected condition failed: waiting for visibility of element located by By.xpath: //*[@id='successDeleteProject']//h2[contains(text(),'Project Deleted!')] (tried for 120 second(s) with 500 MILLISECONDS interval)</errorStackTrace><failedSince>272</failedSince><name>During Project Creation - Add Collaborators</name><skipped>false</skipped><status>REGRESSION</status><stderr>Expected condition failed: waiting for visibility of element located by By.xpath: //*[@id='successDeleteProject']//h2[contains(text(),'Project Deleted!')] (tried for 120 second(s) with 500 MILLISECONDS interval)
com.dettonville.api.quality.ubiquitous.page.WebPage.waitForElVisibility(WebPage.java:394)
com.dettonville.api.quality.ubiquitous.page.WebPage.popUpIsDisplayed(WebPage.java:429)
com.dettonville.api.quality.steps.BasicSteps.popupIsDisplayed(BasicSteps.java:119)
com.dettonville.api.quality.steps.composite.ProjectComposites.deleteProjectFromProjectDetailsPage(ProjectComposites.java:479)
</stderr></case><case><age>1</age><className>Project management</className><duration>0.0</duration><errorDetails>Expected condition failed: waiting for visibility of element located by By.xpath: //*[@id='successDeleteProject']//h2[contains(text(),'Project Deleted!')] (tried for 120 second(s) with 500 MILLISECONDS interval)</errorDetails><errorStackTrace>Expected condition failed: waiting for visibility of element located by By.xpath: //*[@id='successDeleteProject']//h2[contains(text(),'Project Deleted!')] (tried for 120 second(s) with 500 MILLISECONDS interval)</errorStackTrace><failedSince>272</failedSince><name>After Project Creation - Encrypted APIS - Add and Remove Collaborators</name><skipped>false</skipped><status>REGRESSION</status><stderr>Expected condition failed: waiting for visibility of element located by By.xpath: //*[@id='successDeleteProject']//h2[contains(text(),'Project Deleted!')] (tried for 120 second(s) with 500 MILLISECONDS interval)
com.dettonville.api.quality.ubiquitous.page.WebPage.waitForElVisibility(WebPage.java:394)
com.dettonville.api.quality.ubiquitous.page.WebPage.popUpIsDisplayed(WebPage.java:429)
com.dettonville.api.quality.steps.BasicSteps.popupIsDisplayed(BasicSteps.java:119)
com.dettonville.api.quality.steps.composite.ProjectComposites.deleteProjectFromProjectDetailsPage(ProjectComposites.java:479)
</stderr></case><case><age>2</age><className>Project management</className><duration>0.0</duration><errorDetails>Expected condition failed: waiting for visibility of element located by By.xpath: //*[@id='successDeleteProject']//h2[contains(text(),'Project Deleted!')] (tried for 120 second(s) with 500 MILLISECONDS interval)</errorDetails><errorStackTrace>Expected condition failed: waiting for visibility of element located by By.xpath: //*[@id='successDeleteProject']//h2[contains(text(),'Project Deleted!')] (tried for 120 second(s) with 500 MILLISECONDS interval)</errorStackTrace><failedSince>271</failedSince><name>Project Move to production without profile</name><skipped>false</skipped><status>FAILED</status><stderr>Expected condition failed: waiting for visibility of element located by By.xpath: //*[@id='successDeleteProject']//h2[contains(text(),'Project Deleted!')] (tried for 120 second(s) with 500 MILLISECONDS interval)
com.dettonville.api.quality.ubiquitous.page.WebPage.waitForElVisibility(WebPage.java:394)
com.dettonville.api.quality.ubiquitous.page.WebPage.popUpIsDisplayed(WebPage.java:429)
com.dettonville.api.quality.steps.BasicSteps.popupIsDisplayed(BasicSteps.java:119)
com.dettonville.api.quality.steps.composite.ProjectComposites.deleteProjectFromProjectDetailsPage(ProjectComposites.java:479)
</stderr></case><case><age>1</age><className>Project management</className><duration>0.0</duration><errorDetails>Expected condition failed: waiting for visibility of element located by By.xpath: //*[@id='successDeleteProject']//h2[contains(text(),'Project Deleted!')] (tried for 120 second(s) with 500 MILLISECONDS interval)</errorDetails><errorStackTrace>Expected condition failed: waiting for visibility of element located by By.xpath: //*[@id='successDeleteProject']//h2[contains(text(),'Project Deleted!')] (tried for 120 second(s) with 500 MILLISECONDS interval)</errorStackTrace><failedSince>272</failedSince><name>Project Move to production with profile</name><skipped>false</skipped><status>REGRESSION</status><stderr>Expected condition failed: waiting for visibility of element located by By.xpath: //*[@id='successDeleteProject']//h2[contains(text(),'Project Deleted!')] (tried for 120 second(s) with 500 MILLISECONDS interval)
com.dettonville.api.quality.ubiquitous.page.WebPage.waitForElVisibility(WebPage.java:394)
com.dettonville.api.quality.ubiquitous.page.WebPage.popUpIsDisplayed(WebPage.java:429)
com.dettonville.api.quality.steps.BasicSteps.popupIsDisplayed(BasicSteps.java:119)
com.dettonville.api.quality.steps.composite.ProjectComposites.deleteProjectFromProjectDetailsPage(ProjectComposites.java:479)
</stderr></case><duration>1361.95</duration><name>Project management</name><timestamp>2018-08-240 01:05:11</timestamp></suite></testResult>